<?xml version="1.0" encoding="UTF-8"?>
<!-- Generated by org.testng.reporters.JUnitReportReporter -->
<testsuite skipped="0" hostname="nursultans-MacBook-Pro-2.local" name="runners.MainRunner" tests="1" failures="0" timestamp="23 Nov 2018 22:34:01 GMT" time="0.064" errors="0">
  <testcase name="feature" time="0.064" classname="runners.MainRunner"/>
</testsuite> <!-- runners.MainRunner -->
